<?xml version="1.0" encoding="UTF-8"?>
<!-- Generated by org.testng.reporters.JUnitXMLReporter -->
<testsuite hostname="DESKTOP-GAOTPGE" ignored="0" name="RunTestcases" tests="3" failures="0" timestamp="19 Jul 2021 14:13:47 GMT" time="0.043" errors="0">
  <testcase name="@BeforeSuite initTest" time="307.609" classname="Commons.BaseTest">
    <failure type="org.openqa.selenium.TimeoutException" message="
Build info: version: &amp;apos;3.141.59&amp;apos;, revision: &amp;apos;e82be7d358&amp;apos;, time: &amp;apos;2018-11-14T08:17:03&amp;apos;
System info: host: &amp;apos;DESKTOP-GAOTPGE&amp;apos;, ip: &amp;apos;192.168.56.1&amp;apos;, os.name: &amp;apos;Windows 10&amp;apos;, os.arch: &amp;apos;amd64&amp;apos;, os.version: &amp;apos;10.0&amp;apos;, java.version: &amp;apos;1.8.0_211&amp;apos;
Driver info: org.openqa.selenium.firefox.FirefoxDriver
Capabilities {acceptInsecureCerts: true, browserName: firefox, browserVersion: 85.0.1, javascriptEnabled: true, moz:accessibilityChecks: false, moz:buildID: 20210204182252, moz:geckodriverVersion: 0.29.0, moz:headless: false, moz:processID: 11040, moz:profile: C:\Users\Mai Anh Trung\AppD..., moz:shutdownTimeout: 60000, moz:useNonSpecCompliantPointerOrigin: false, moz:webdriverClick: true, pageLoadStrategy: normal, platform: WINDOWS, platformName: WINDOWS, platformVersion: 10.0, rotatable: false, setWindowRect: true, strictFileInteractability: false, timeouts: {implicit: 0, pageLoad: 300000, script: 30000}, unhandledPromptBehavior: dismiss and notify}
Session ID: 400f51e7-bcc5-4b6c-a570-7b64d0c13ecd">
      <![CDATA[org.openqa.selenium.TimeoutException: 
Build info: version: '3.141.59', revision: 'e82be7d358', time: '2018-11-14T08:17:03'
System info: host: 'DESKTOP-GAOTPGE', ip: '192.168.56.1', os.name: 'Windows 10', os.arch: 'amd64', os.version: '10.0', java.version: '1.8.0_211'
Driver info: org.openqa.selenium.firefox.FirefoxDriver
Capabilities {acceptInsecureCerts: true, browserName: firefox, browserVersion: 85.0.1, javascriptEnabled: true, moz:accessibilityChecks: false, moz:buildID: 20210204182252, moz:geckodriverVersion: 0.29.0, moz:headless: false, moz:processID: 11040, moz:profile: C:\Users\Mai Anh Trung\AppD..., moz:shutdownTimeout: 60000, moz:useNonSpecCompliantPointerOrigin: false, moz:webdriverClick: true, pageLoadStrategy: normal, platform: WINDOWS, platformName: WINDOWS, platformVersion: 10.0, rotatable: false, setWindowRect: true, strictFileInteractability: false, timeouts: {implicit: 0, pageLoad: 300000, script: 30000}, unhandledPromptBehavior: dismiss and notify}
Session ID: 400f51e7-bcc5-4b6c-a570-7b64d0c13ecd
at org.openqa.selenium.remote.http.W3CHttpResponseCodec.createException(W3CHttpResponseCodec.java:187)
at org.openqa.selenium.remote.http.W3CHttpResponseCodec.decode(W3CHttpResponseCodec.java:122)
at org.openqa.selenium.remote.http.W3CHttpResponseCodec.decode(W3CHttpResponseCodec.java:49)
at org.openqa.selenium.remote.HttpCommandExecutor.execute(HttpCommandExecutor.java:158)
at org.openqa.selenium.remote.service.DriverCommandExecutor.execute(DriverCommandExecutor.java:83)
at org.openqa.selenium.remote.RemoteWebDriver.execute(RemoteWebDriver.java:552)
at org.openqa.selenium.remote.RemoteWebDriver.get(RemoteWebDriver.java:277)
at Commons.BaseTest.openBrowser(BaseTest.java:53)
at Commons.BaseTest.initTest(BaseTest.java:27)
... Removed 28 stack frames]]>
    </failure>
  </testcase> <!-- @BeforeSuite initTest -->
  <testcase name="TC_01_Register_To_System" time="0.0" classname="Testcases.commonFeature.Registration">
    <skipped/>
  </testcase> <!-- TC_01_Register_To_System -->
  <testcase name="TC_02_Input_Personal_Detail" time="0.0" classname="Testcases.commonFeature.Registration">
    <skipped/>
  </testcase> <!-- TC_02_Input_Personal_Detail -->
  <testcase name="TC_03_Input_Business_Detail" time="0.0" classname="Testcases.commonFeature.Registration">
    <skipped/>
  </testcase> <!-- TC_03_Input_Business_Detail -->
</testsuite> <!-- RunTestcases -->
