<?xml version="1.0" encoding="UTF-8"?>
<testng-results skipped="0" failed="0" ignored="0" total="3" passed="3">
  <reporter-output>
    <line>
      <![CDATA[[INFO ] [2021-07-19 18:16:00,686] TC_01: Register to system
<br>]]>
    </line>
    <line>
      <![CDATA[[INFO ] [2021-07-19 18:16:01,040] TC_01 Step 1: Navigate to register page
<br>]]>
    </line>
    <line>
      <![CDATA[[INFO ] [2021-07-19 18:16:08,400] TC_01 Step 2: Input full name to full name text box
<br>]]>
    </line>
    <line>
      <![CDATA[[INFO ] [2021-07-19 18:16:13,876] TC_01 Step 3: Input email to email text box
<br>]]>
    </line>
    <line>
      <![CDATA[[INFO ] [2021-07-19 18:16:17,186] TC_01 Step 4: Input phone to phone text box
<br>]]>
    </line>
    <line>
      <![CDATA[[INFO ] [2021-07-19 18:16:19,522] TC_01 Step 5: Select information channel
<br>]]>
    </line>
    <line>
      <![CDATA[[INFO ] [2021-07-19 18:16:23,333] TC_01 Step 6: Check to term checkbox
<br>]]>
    </line>
    <line>
      <![CDATA[[INFO ] [2021-07-19 18:16:23,711] TC_01 Step 7: Click to continue button
<br>]]>
    </line>
    <line>
      <![CDATA[[INFO ] [2021-07-19 18:16:24,065] TC_01 Step 8: Input mobile OTP number
<br>]]>
    </line>
    <line>
      <![CDATA[[INFO ] [2021-07-19 18:16:30,483] TC_01 Step 9: Verify the completed register page is displayed
<br>]]>
    </line>
    <line>
      <![CDATA[[INFO ] [2021-07-19 18:16:34,136] TC_02: Input personal detail
<br>]]>
    </line>
    <line>
      <![CDATA[[INFO ] [2021-07-19 18:16:34,220] TC_02 Step 1: Click to Continue button to navigate to Business Role page
<br>]]>
    </line>
    <line>
      <![CDATA[[INFO ] [2021-07-19 18:16:34,553] TC_02 Step 2: Select business role
<br>]]>
    </line>
    <line>
      <![CDATA[[INFO ] [2021-07-19 18:16:36,944] TC_02 Step 3: Select company register place
<br>]]>
    </line>
    <line>
      <![CDATA[[INFO ] [2021-07-19 18:16:42,844] TC_02 Step 4: Select solutions
<br>]]>
    </line>
    <line>
      <![CDATA[[INFO ] [2021-07-19 18:16:49,224] TC_02 Step 5: Click to continue button
<br>]]>
    </line>
    <line>
      <![CDATA[[INFO ] [2021-07-19 18:16:49,363] TC_02 Step 6: Select registration method
<br>]]>
    </line>
    <line>
      <![CDATA[[INFO ] [2021-07-19 18:17:04,071] TC_02 Step 7: Input date of birth to the text box field
<br>]]>
    </line>
    <line>
      <![CDATA[[INFO ] [2021-07-19 18:17:14,325] TC_02 Step 8: Select nationality in dropdown list
<br>]]>
    </line>
    <line>
      <![CDATA[[INFO ] [2021-07-19 18:17:20,049] TC_02 Step 9: Select gender in dropdown list
<br>]]>
    </line>
    <line>
      <![CDATA[[INFO ] [2021-07-19 18:17:23,655] TC_02 Step 10: Click to submit button
<br>]]>
    </line>
    <line>
      <![CDATA[[INFO ] [2021-07-19 18:17:24,023] TC_02 Step 11: Input email OTP number to text box
<br>]]>
    </line>
    <line>
      <![CDATA[[INFO ] [2021-07-19 18:17:30,906] TC_02 Step 12: Verify business detail page is displayed
<br>]]>
    </line>
    <line>
      <![CDATA[[INFO ] [2021-07-19 18:17:34,583] TC_03: Input business detail
<br>]]>
    </line>
    <line>
      <![CDATA[[INFO ] [2021-07-19 18:17:34,630] TC_03 Step 1: Input business legal name
<br>]]>
    </line>
    <line>
      <![CDATA[[INFO ] [2021-07-19 18:17:36,922] TC_03 Step 2: Input entity category
<br>]]>
    </line>
    <line>
      <![CDATA[[INFO ] [2021-07-19 18:17:40,740] TC_03 Step 3: Input entity type
<br>]]>
    </line>
    <line>
      <![CDATA[[INFO ] [2021-07-19 18:17:44,364] TC_03 Step 4: Input UEN number
<br>]]>
    </line>
    <line>
      <![CDATA[[INFO ] [2021-07-19 18:17:46,551] TC_03 Step 5: Input industry
<br>]]>
    </line>
    <line>
      <![CDATA[[INFO ] [2021-07-19 18:17:50,323] TC_03 Step 6: Input sub-industry
<br>]]>
    </line>
    <line>
      <![CDATA[[INFO ] [2021-07-19 18:17:54,043] TC_03 Step 7: Click to continue button
<br>]]>
    </line>
    <line>
      <![CDATA[[INFO ] [2021-07-19 18:17:54,382] TC_03 Step 8: Input business activity
<br>]]>
    </line>
    <line>
      <![CDATA[[INFO ] [2021-07-19 18:17:56,944] TC_03 Step 9: Input service detail
<br>]]>
    </line>
    <line>
      <![CDATA[[INFO ] [2021-07-19 18:17:59,298] TC_03 Step 10: Input company website
<br>]]>
    </line>
    <line>
      <![CDATA[[INFO ] [2021-07-19 18:18:01,510] TC_03 Step 11: Input number of employees
<br>]]>
    </line>
    <line>
      <![CDATA[[INFO ] [2021-07-19 18:18:06,018] TC_03 Step 12: Input Annual turnover
<br>]]>
    </line>
    <line>
      <![CDATA[[INFO ] [2021-07-19 18:18:09,752] TC_03 Step 13: Click to continue button
<br>]]>
    </line>
    <line>
      <![CDATA[[INFO ] [2021-07-19 18:18:10,068] TC_03 Step 14: Answer the first question
<br>]]>
    </line>
    <line>
      <![CDATA[[INFO ] [2021-07-19 18:18:29,283] TC_03 Step 15: Answer the second question
<br>]]>
    </line>
    <line>
      <![CDATA[[INFO ] [2021-07-19 18:18:29,718] TC_03 Step 16: Click to continue button
<br>]]>
    </line>
    <line>
      <![CDATA[[INFO ] [2021-07-19 18:18:30,614] TC_03 Step 17: Skip uploading certificate
<br>]]>
    </line>
    <line>
      <![CDATA[[INFO ] [2021-07-19 18:18:39,689] TC_03 Step 18: Click start identity button
<br>]]>
    </line>
    <line>
      <![CDATA[[INFO ] [2021-07-19 18:18:40,149] TC_03 Step 19: Click begin button
<br>]]>
    </line>
    <line>
      <![CDATA[[INFO ] [2021-07-19 18:18:41,079] TC_03 Step 20: Verify identity verification page is displayed
<br>]]>
    </line>
  </reporter-output>
  <suite name="QA_Automation" duration-ms="160977" started-at="2021-07-19T11:16:00Z" finished-at="2021-07-19T11:18:41Z">
    <groups>
    </groups>
    <test name="RunTestcases" duration-ms="160977" started-at="2021-07-19T11:16:00Z" finished-at="2021-07-19T11:18:41Z">
      <class name="Testcases.commonFeature.Registration">
        <test-method status="PASS" signature="initTest(java.lang.String)[pri:0, instance:Testcases.commonFeature.Registration@74ad1f1f]" name="initTest" is-config="true" duration-ms="49791" started-at="2021-07-19T11:15:10Z" finished-at="2021-07-19T11:16:00Z">
          <params>
            <param index="0">
              <value>
                <![CDATA[firefox]]>
              </value>
            </param>
          </params>
          <reporter-output>
          </reporter-output>
        </test-method> <!-- initTest -->
        <test-method status="PASS" signature="TC_01_Register_To_System()[pri:0, instance:Testcases.commonFeature.Registration@74ad1f1f]" name="TC_01_Register_To_System" duration-ms="33481" started-at="2021-07-19T11:16:00Z" finished-at="2021-07-19T11:16:34Z">
          <reporter-output>
            <line>
              <![CDATA[[INFO ] [2021-07-19 18:16:00,686] TC_01: Register to system
<br>]]>
            </line>
            <line>
              <![CDATA[[INFO ] [2021-07-19 18:16:01,040] TC_01 Step 1: Navigate to register page
<br>]]>
            </line>
            <line>
              <![CDATA[[INFO ] [2021-07-19 18:16:08,400] TC_01 Step 2: Input full name to full name text box
<br>]]>
            </line>
            <line>
              <![CDATA[[INFO ] [2021-07-19 18:16:13,876] TC_01 Step 3: Input email to email text box
<br>]]>
            </line>
            <line>
              <![CDATA[[INFO ] [2021-07-19 18:16:17,186] TC_01 Step 4: Input phone to phone text box
<br>]]>
            </line>
            <line>
              <![CDATA[[INFO ] [2021-07-19 18:16:19,522] TC_01 Step 5: Select information channel
<br>]]>
            </line>
            <line>
              <![CDATA[[INFO ] [2021-07-19 18:16:23,333] TC_01 Step 6: Check to term checkbox
<br>]]>
            </line>
            <line>
              <![CDATA[[INFO ] [2021-07-19 18:16:23,711] TC_01 Step 7: Click to continue button
<br>]]>
            </line>
            <line>
              <![CDATA[[INFO ] [2021-07-19 18:16:24,065] TC_01 Step 8: Input mobile OTP number
<br>]]>
            </line>
            <line>
              <![CDATA[[INFO ] [2021-07-19 18:16:30,483] TC_01 Step 9: Verify the completed register page is displayed
<br>]]>
            </line>
          </reporter-output>
        </test-method> <!-- TC_01_Register_To_System -->
        <test-method status="PASS" signature="TC_02_Input_Personal_Detail()[pri:0, instance:Testcases.commonFeature.Registration@74ad1f1f]" name="TC_02_Input_Personal_Detail" duration-ms="60447" started-at="2021-07-19T11:16:34Z" depends-on-methods="Testcases.commonFeature.Registration.TC_01_Register_To_System" finished-at="2021-07-19T11:17:34Z">
          <reporter-output>
            <line>
              <![CDATA[[INFO ] [2021-07-19 18:16:34,136] TC_02: Input personal detail
<br>]]>
            </line>
            <line>
              <![CDATA[[INFO ] [2021-07-19 18:16:34,220] TC_02 Step 1: Click to Continue button to navigate to Business Role page
<br>]]>
            </line>
            <line>
              <![CDATA[[INFO ] [2021-07-19 18:16:34,553] TC_02 Step 2: Select business role
<br>]]>
            </line>
            <line>
              <![CDATA[[INFO ] [2021-07-19 18:16:36,944] TC_02 Step 3: Select company register place
<br>]]>
            </line>
            <line>
              <![CDATA[[INFO ] [2021-07-19 18:16:42,844] TC_02 Step 4: Select solutions
<br>]]>
            </line>
            <line>
              <![CDATA[[INFO ] [2021-07-19 18:16:49,224] TC_02 Step 5: Click to continue button
<br>]]>
            </line>
            <line>
              <![CDATA[[INFO ] [2021-07-19 18:16:49,363] TC_02 Step 6: Select registration method
<br>]]>
            </line>
            <line>
              <![CDATA[[INFO ] [2021-07-19 18:17:04,071] TC_02 Step 7: Input date of birth to the text box field
<br>]]>
            </line>
            <line>
              <![CDATA[[INFO ] [2021-07-19 18:17:14,325] TC_02 Step 8: Select nationality in dropdown list
<br>]]>
            </line>
            <line>
              <![CDATA[[INFO ] [2021-07-19 18:17:20,049] TC_02 Step 9: Select gender in dropdown list
<br>]]>
            </line>
            <line>
              <![CDATA[[INFO ] [2021-07-19 18:17:23,655] TC_02 Step 10: Click to submit button
<br>]]>
            </line>
            <line>
              <![CDATA[[INFO ] [2021-07-19 18:17:24,023] TC_02 Step 11: Input email OTP number to text box
<br>]]>
            </line>
            <line>
              <![CDATA[[INFO ] [2021-07-19 18:17:30,906] TC_02 Step 12: Verify business detail page is displayed
<br>]]>
            </line>
          </reporter-output>
        </test-method> <!-- TC_02_Input_Personal_Detail -->
        <test-method status="PASS" signature="TC_03_Input_Business_Detail()[pri:0, instance:Testcases.commonFeature.Registration@74ad1f1f]" name="TC_03_Input_Business_Detail" duration-ms="67002" started-at="2021-07-19T11:17:34Z" depends-on-methods="Testcases.commonFeature.Registration.TC_02_Input_Personal_Detail" finished-at="2021-07-19T11:18:41Z">
          <reporter-output>
            <line>
              <![CDATA[[INFO ] [2021-07-19 18:17:34,583] TC_03: Input business detail
<br>]]>
            </line>
            <line>
              <![CDATA[[INFO ] [2021-07-19 18:17:34,630] TC_03 Step 1: Input business legal name
<br>]]>
            </line>
            <line>
              <![CDATA[[INFO ] [2021-07-19 18:17:36,922] TC_03 Step 2: Input entity category
<br>]]>
            </line>
            <line>
              <![CDATA[[INFO ] [2021-07-19 18:17:40,740] TC_03 Step 3: Input entity type
<br>]]>
            </line>
            <line>
              <![CDATA[[INFO ] [2021-07-19 18:17:44,364] TC_03 Step 4: Input UEN number
<br>]]>
            </line>
            <line>
              <![CDATA[[INFO ] [2021-07-19 18:17:46,551] TC_03 Step 5: Input industry
<br>]]>
            </line>
            <line>
              <![CDATA[[INFO ] [2021-07-19 18:17:50,323] TC_03 Step 6: Input sub-industry
<br>]]>
            </line>
            <line>
              <![CDATA[[INFO ] [2021-07-19 18:17:54,043] TC_03 Step 7: Click to continue button
<br>]]>
            </line>
            <line>
              <![CDATA[[INFO ] [2021-07-19 18:17:54,382] TC_03 Step 8: Input business activity
<br>]]>
            </line>
            <line>
              <![CDATA[[INFO ] [2021-07-19 18:17:56,944] TC_03 Step 9: Input service detail
<br>]]>
            </line>
            <line>
              <![CDATA[[INFO ] [2021-07-19 18:17:59,298] TC_03 Step 10: Input company website
<br>]]>
            </line>
            <line>
              <![CDATA[[INFO ] [2021-07-19 18:18:01,510] TC_03 Step 11: Input number of employees
<br>]]>
            </line>
            <line>
              <![CDATA[[INFO ] [2021-07-19 18:18:06,018] TC_03 Step 12: Input Annual turnover
<br>]]>
            </line>
            <line>
              <![CDATA[[INFO ] [2021-07-19 18:18:09,752] TC_03 Step 13: Click to continue button
<br>]]>
            </line>
            <line>
              <![CDATA[[INFO ] [2021-07-19 18:18:10,068] TC_03 Step 14: Answer the first question
<br>]]>
            </line>
            <line>
              <![CDATA[[INFO ] [2021-07-19 18:18:29,283] TC_03 Step 15: Answer the second question
<br>]]>
            </line>
            <line>
              <![CDATA[[INFO ] [2021-07-19 18:18:29,718] TC_03 Step 16: Click to continue button
<br>]]>
            </line>
            <line>
              <![CDATA[[INFO ] [2021-07-19 18:18:30,614] TC_03 Step 17: Skip uploading certificate
<br>]]>
            </line>
            <line>
              <![CDATA[[INFO ] [2021-07-19 18:18:39,689] TC_03 Step 18: Click start identity button
<br>]]>
            </line>
            <line>
              <![CDATA[[INFO ] [2021-07-19 18:18:40,149] TC_03 Step 19: Click begin button
<br>]]>
            </line>
            <line>
              <![CDATA[[INFO ] [2021-07-19 18:18:41,079] TC_03 Step 20: Verify identity verification page is displayed
<br>]]>
            </line>
          </reporter-output>
        </test-method> <!-- TC_03_Input_Business_Detail -->
        <test-method status="PASS" signature="closeBrowser()[pri:0, instance:Testcases.commonFeature.Registration@74ad1f1f]" name="closeBrowser" is-config="true" duration-ms="2988" started-at="2021-07-19T11:18:41Z" finished-at="2021-07-19T11:18:44Z">
          <reporter-output>
          </reporter-output>
        </test-method> <!-- closeBrowser -->
      </class> <!-- Testcases.commonFeature.Registration -->
    </test> <!-- RunTestcases -->
  </suite> <!-- QA_Automation -->
</testng-results>
